<?xml version="1.0" encoding="UTF-8"?>
<coverage generated="1675366695538" clover="3.2.0">
  <project timestamp="1675366695538" name="All files">
    <metrics statements="29" coveredstatements="9" conditionals="4" coveredconditionals="0" methods="8" coveredmethods="2" elements="41" coveredelements="11" complexity="0" loc="29" ncloc="29" packages="1" files="4" classes="4"/>
    <file name="computedStyle.ts" path="/Users/bbosca/Projects/bee-q/libs/bee-q/src/shared/test-utils/computedStyle.ts">
      <metrics statements="16" coveredstatements="2" conditionals="4" coveredconditionals="0" methods="3" coveredmethods="1"/>
      <line num="9" count="9" type="stmt"/>
      <line num="14" count="12" type="stmt"/>
      <line num="16" count="0" type="stmt"/>
      <line num="18" count="0" type="stmt"/>
      <line num="20" count="0" type="cond" truecount="0" falsecount="1"/>
      <line num="21" count="0" type="stmt"/>
      <line num="24" count="0" type="cond" truecount="0" falsecount="1"/>
      <line num="25" count="0" type="stmt"/>
      <line num="27" count="0" type="cond" truecount="0" falsecount="1"/>
      <line num="28" count="0" type="stmt"/>
      <line num="32" count="0" type="stmt"/>
      <line num="34" count="0" type="cond" truecount="0" falsecount="1"/>
      <line num="35" count="0" type="stmt"/>
      <line num="36" count="0" type="stmt"/>
      <line num="37" count="0" type="stmt"/>
      <line num="41" count="0" type="stmt"/>
    </file>
    <file name="index.ts" path="/Users/bbosca/Projects/bee-q/libs/bee-q/src/shared/test-utils/index.ts">
      <metrics statements="3" coveredstatements="3" conditionals="0" coveredconditionals="0" methods="0" coveredmethods="0"/>
      <line num="1" count="9" type="stmt"/>
      <line num="2" count="9" type="stmt"/>
      <line num="3" count="9" type="stmt"/>
    </file>
    <file name="setProperties.ts" path="/Users/bbosca/Projects/bee-q/libs/bee-q/src/shared/test-utils/setProperties.ts">
      <metrics statements="8" coveredstatements="2" conditionals="0" coveredconditionals="0" methods="5" coveredmethods="1"/>
      <line num="16" count="9" type="stmt"/>
      <line num="21" count="8" type="stmt"/>
      <line num="24" count="0" type="stmt"/>
      <line num="29" count="0" type="stmt"/>
      <line num="31" count="0" type="stmt"/>
      <line num="34" count="0" type="stmt"/>
      <line num="35" count="0" type="stmt"/>
      <line num="36" count="0" type="stmt"/>
    </file>
    <file name="sleep.ts" path="/Users/bbosca/Projects/bee-q/libs/bee-q/src/shared/test-utils/sleep.ts">
      <metrics statements="2" coveredstatements="2" conditionals="0" coveredconditionals="0" methods="0" coveredmethods="0"/>
      <line num="1" count="9" type="stmt"/>
      <line num="7" count="9" type="stmt"/>
    </file>
  </project>
</coverage>
