{"/Users/bbosca/Projects/bee-q/libs/bee-q/src/shared/test-utils/computedStyle.ts": {"path":"/Users/bbosca/Projects/bee-q/libs/bee-q/src/shared/test-utils/computedStyle.ts","statementMap":{"0":{"start":{"line":9,"column":29},"end":{"line":46,"column":1}},"1":{"start":{"line":14,"column":2},"end":{"line":45,"column":4}},"2":{"start":{"line":16,"column":52},"end":{"line":16,"column":78}},"3":{"start":{"line":18,"column":20},"end":{"line":18,"column":60}},"4":{"start":{"line":20,"column":6},"end":{"line":22,"column":null}},"5":{"start":{"line":21,"column":8},"end":{"line":21,"column":70}},"6":{"start":{"line":24,"column":6},"end":{"line":30,"column":null}},"7":{"start":{"line":25,"column":8},"end":{"line":25,"column":70}},"8":{"start":{"line":27,"column":8},"end":{"line":29,"column":null}},"9":{"start":{"line":28,"column":10},"end":{"line":28,"column":73}},"10":{"start":{"line":32,"column":20},"end":{"line":32,"column":45}},"11":{"start":{"line":34,"column":6},"end":{"line":39,"column":null}},"12":{"start":{"line":35,"column":8},"end":{"line":38,"column":47}},"13":{"start":{"line":36,"column":10},"end":{"line":36,"column":32}},"14":{"start":{"line":37,"column":10},"end":{"line":37,"column":21}},"15":{"start":{"line":41,"column":6},"end":{"line":41,"column":47}},"16":{"start":{"line":9,"column":13},"end":{"line":9,"column":29}}},"fnMap":{"0":{"name":"(anonymous_0)","decl":{"start":{"line":9,"column":29},"end":{"line":9,"column":null}},"loc":{"start":{"line":13,"column":43},"end":{"line":46,"column":1}}},"1":{"name":"(anonymous_1)","decl":{"start":{"line":15,"column":4},"end":{"line":15,"column":5}},"loc":{"start":{"line":15,"column":49},"end":{"line":42,"column":5}}},"2":{"name":"(anonymous_2)","decl":{"start":{"line":35,"column":29},"end":{"line":35,"column":30}},"loc":{"start":{"line":35,"column":42},"end":{"line":38,"column":9}}}},"branchMap":{"0":{"loc":{"start":{"line":20,"column":6},"end":{"line":22,"column":null}},"type":"if","locations":[{"start":{"line":20,"column":6},"end":{"line":22,"column":null}}]},"1":{"loc":{"start":{"line":24,"column":6},"end":{"line":30,"column":null}},"type":"if","locations":[{"start":{"line":24,"column":6},"end":{"line":30,"column":null}}]},"2":{"loc":{"start":{"line":27,"column":8},"end":{"line":29,"column":null}},"type":"if","locations":[{"start":{"line":27,"column":8},"end":{"line":29,"column":null}}]},"3":{"loc":{"start":{"line":34,"column":6},"end":{"line":39,"column":null}},"type":"if","locations":[{"start":{"line":34,"column":6},"end":{"line":39,"column":null}}]}},"s":{"0":9,"1":12,"2":0,"3":0,"4":0,"5":0,"6":0,"7":0,"8":0,"9":0,"10":0,"11":0,"12":0,"13":0,"14":0,"15":0,"16":9},"f":{"0":12,"1":0,"2":0},"b":{"0":[0],"1":[0],"2":[0],"3":[0]}}
,"/Users/bbosca/Projects/bee-q/libs/bee-q/src/shared/test-utils/index.ts": {"path":"/Users/bbosca/Projects/bee-q/libs/bee-q/src/shared/test-utils/index.ts","statementMap":{"0":{"start":{"line":1,"column":0},"end":{"line":1,"column":32}},"1":{"start":{"line":2,"column":0},"end":{"line":2,"column":32}},"2":{"start":{"line":3,"column":0},"end":{"line":3,"column":24}}},"fnMap":{},"branchMap":{},"s":{"0":9,"1":9,"2":9},"f":{},"b":{}}
,"/Users/bbosca/Projects/bee-q/libs/bee-q/src/shared/test-utils/setProperties.ts": {"path":"/Users/bbosca/Projects/bee-q/libs/bee-q/src/shared/test-utils/setProperties.ts","statementMap":{"0":{"start":{"line":16,"column":29},"end":{"line":40,"column":1}},"1":{"start":{"line":21,"column":2},"end":{"line":27,"column":4}},"2":{"start":{"line":24,"column":6},"end":{"line":24,"column":88}},"3":{"start":{"line":24,"column":61},"end":{"line":24,"column":85}},"4":{"start":{"line":29,"column":2},"end":{"line":29,"column":30}},"5":{"start":{"line":31,"column":2},"end":{"line":39,"column":4}},"6":{"start":{"line":34,"column":20},"end":{"line":34,"column":22}},"7":{"start":{"line":35,"column":6},"end":{"line":35,"column":82}},"8":{"start":{"line":35,"column":49},"end":{"line":35,"column":79}},"9":{"start":{"line":36,"column":6},"end":{"line":36,"column":19}},"10":{"start":{"line":16,"column":13},"end":{"line":16,"column":29}}},"fnMap":{"0":{"name":"(anonymous_0)","decl":{"start":{"line":16,"column":29},"end":{"line":16,"column":34}},"loc":{"start":{"line":20,"column":4},"end":{"line":40,"column":1}}},"1":{"name":"(anonymous_1)","decl":{"start":{"line":23,"column":4},"end":{"line":23,"column":5}},"loc":{"start":{"line":23,"column":31},"end":{"line":25,"column":5}}},"2":{"name":"(anonymous_2)","decl":{"start":{"line":24,"column":41},"end":{"line":24,"column":42}},"loc":{"start":{"line":24,"column":61},"end":{"line":24,"column":85}}},"3":{"name":"(anonymous_3)","decl":{"start":{"line":33,"column":4},"end":{"line":33,"column":5}},"loc":{"start":{"line":33,"column":31},"end":{"line":37,"column":5}}},"4":{"name":"(anonymous_4)","decl":{"start":{"line":35,"column":38},"end":{"line":35,"column":39}},"loc":{"start":{"line":35,"column":49},"end":{"line":35,"column":79}}}},"branchMap":{},"s":{"0":9,"1":8,"2":0,"3":0,"4":0,"5":0,"6":0,"7":0,"8":0,"9":0,"10":9},"f":{"0":8,"1":0,"2":0,"3":0,"4":0},"b":{}}
,"/Users/bbosca/Projects/bee-q/libs/bee-q/src/shared/test-utils/sleep.ts": {"path":"/Users/bbosca/Projects/bee-q/libs/bee-q/src/shared/test-utils/sleep.ts","statementMap":{"0":{"start":{"line":1,"column":0},"end":{"line":1,"column":33}},"1":{"start":{"line":7,"column":13},"end":{"line":7,"column":43}}},"fnMap":{},"branchMap":{},"s":{"0":9,"1":9},"f":{},"b":{}}
}
