TN:
SF:libs/bee-q/src/shared/test-utils/computedStyle.ts
FN:9,(anonymous_0)
FN:15,(anonymous_1)
FN:35,(anonymous_2)
FNF:3
FNH:1
FNDA:12,(anonymous_0)
FNDA:0,(anonymous_1)
FNDA:0,(anonymous_2)
DA:9,9
DA:14,12
DA:16,0
DA:18,0
DA:20,0
DA:21,0
DA:24,0
DA:25,0
DA:27,0
DA:28,0
DA:32,0
DA:34,0
DA:35,0
DA:36,0
DA:37,0
DA:41,0
LF:16
LH:2
BRDA:20,0,0,0
BRDA:24,1,0,0
BRDA:27,2,0,0
BRDA:34,3,0,0
BRF:4
BRH:0
end_of_record
TN:
SF:libs/bee-q/src/shared/test-utils/index.ts
FNF:0
FNH:0
DA:1,9
DA:2,9
DA:3,9
LF:3
LH:3
BRF:0
BRH:0
end_of_record
TN:
SF:libs/bee-q/src/shared/test-utils/setProperties.ts
FN:16,(anonymous_0)
FN:23,(anonymous_1)
FN:24,(anonymous_2)
FN:33,(anonymous_3)
FN:35,(anonymous_4)
FNF:5
FNH:1
FNDA:8,(anonymous_0)
FNDA:0,(anonymous_1)
FNDA:0,(anonymous_2)
FNDA:0,(anonymous_3)
FNDA:0,(anonymous_4)
DA:16,9
DA:21,8
DA:24,0
DA:29,0
DA:31,0
DA:34,0
DA:35,0
DA:36,0
LF:8
LH:2
BRF:0
BRH:0
end_of_record
TN:
SF:libs/bee-q/src/shared/test-utils/sleep.ts
FNF:0
FNH:0
DA:1,9
DA:7,9
LF:2
LH:2
BRF:0
BRH:0
end_of_record
